<?xml version="1.0" encoding="utf-8"?>
<TestRun id="088238af-480f-420c-8856-3779875c4f6f" name="tc@CISERVER 2021-02-27 11:41:34" runUser="CISERVER\tc" xmlns="http://microsoft.com/schemas/VisualStudio/TeamTest/2010">
  <Times creation="2021-02-27T11:41:34.4031011+00:00" queuing="2021-02-27T11:41:34.4031019+00:00" start="2021-02-27T11:41:32.8073670+00:00" finish="2021-02-27T11:41:34.4161504+00:00" />
  <TestSettings name="default" id="d1219948-2539-44fb-b834-446f077dbb22">
    <Deployment runDeploymentRoot="tc_CISERVER_2021-02-27_11_41_34" />
  </TestSettings>
  <Results>
    <UnitTestResult executionId="4cf01d22-b9cc-4700-85b8-4f9158defdf9" testId="9df6bfb3-d1ee-fb7a-7e1b-e3704aee5764" testName="Test_Passes" computerName="CISERVER" duration="00:00:00.0034714" startTime="2021-02-27T11:41:34.1251511+00:00" endTime="2021-02-27T11:41:34.1571033+00:00" testType="13cdc9d9-ddb5-4fa4-a97d-d965ccfc6d4b" outcome="Passed" testListId="8c84fa94-04c1-424b-9868-57a2d4851a1d" relativeResultsDirectory="4cf01d22-b9cc-4700-85b8-4f9158defdf9" />
    <UnitTestResult executionId="1684c0cd-23e0-4ab1-96e8-53dace69138a" testId="bb209542-605d-49c0-5c61-9c5f4055dccc" testName="Test_Fails" computerName="CISERVER" duration="00:00:00.0463970" startTime="2021-02-27T11:41:34.1631970+00:00" endTime="2021-02-27T11:41:34.2100621+00:00" testType="13cdc9d9-ddb5-4fa4-a97d-d965ccfc6d4b" outcome="Failed" testListId="8c84fa94-04c1-424b-9868-57a2d4851a1d" relativeResultsDirectory="1684c0cd-23e0-4ab1-96e8-53dace69138a">
      <Output>
        <ErrorInfo>
          <Message>Test method TrxTests.MsTest.Tests.UnitTest1.Test_Fails threw exception: &#xD;
System.Exception: Ahhhhhhh!!!</Message>
          <StackTrace>    at TrxTests.MsTest.Tests.UnitTest1.Test_Fails() in SomeDir\tyrannosaurus-trx\example-tests\TrxTests.MsTest.Tests\UnitTest1.cs:line 16&#xD;
</StackTrace>
        </ErrorInfo>
      </Output>
    </UnitTestResult>
  </Results>
  <TestDefinitions>
    <UnitTest name="Test_Fails" storage="SomeDir\tyrannosaurus-trx\example-tests\trxtests.mstest.tests\bin\debug\netcoreapp3.1\trxtests.mstest.tests.dll" id="bb209542-605d-49c0-5c61-9c5f4055dccc">
      <Execution id="1684c0cd-23e0-4ab1-96e8-53dace69138a" />
      <TestMethod codeBase="SomeDir\tyrannosaurus-trx\example-tests\TrxTests.MsTest.Tests\bin\Debug\netcoreapp3.1\TrxTests.MsTest.Tests.dll" adapterTypeName="executor://mstestadapter/v2" className="TrxTests.MsTest.Tests.UnitTest1" name="Test_Fails" />
    </UnitTest>
    <UnitTest name="Test_Passes" storage="SomeDir\tyrannosaurus-trx\example-tests\trxtests.mstest.tests\bin\debug\netcoreapp3.1\trxtests.mstest.tests.dll" id="9df6bfb3-d1ee-fb7a-7e1b-e3704aee5764">
      <Execution id="4cf01d22-b9cc-4700-85b8-4f9158defdf9" />
      <TestMethod codeBase="SomeDir\tyrannosaurus-trx\example-tests\TrxTests.MsTest.Tests\bin\Debug\netcoreapp3.1\TrxTests.MsTest.Tests.dll" adapterTypeName="executor://mstestadapter/v2" className="TrxTests.MsTest.Tests.UnitTest1" name="Test_Passes" />
    </UnitTest>
  </TestDefinitions>
  <TestEntries>
    <TestEntry testId="9df6bfb3-d1ee-fb7a-7e1b-e3704aee5764" executionId="4cf01d22-b9cc-4700-85b8-4f9158defdf9" testListId="8c84fa94-04c1-424b-9868-57a2d4851a1d" />
    <TestEntry testId="bb209542-605d-49c0-5c61-9c5f4055dccc" executionId="1684c0cd-23e0-4ab1-96e8-53dace69138a" testListId="8c84fa94-04c1-424b-9868-57a2d4851a1d" />
  </TestEntries>
  <TestLists>
    <TestList name="Results Not in a List" id="8c84fa94-04c1-424b-9868-57a2d4851a1d" />
    <TestList name="All Loaded Results" id="19431567-8539-422a-85d7-44ee4e166bda" />
  </TestLists>
  <ResultSummary outcome="Failed">
    <Counters total="2" executed="2" passed="1" failed="1" error="0" timeout="0" aborted="0" inconclusive="0" passedButRunAborted="0" notRunnable="0" notExecuted="0" disconnected="0" warning="0" completed="0" inProgress="0" pending="0" />
  </ResultSummary>
</TestRun>