<?xml version="1.0" encoding="utf-8"?>
<TestRun id="6fbbd9d8-eee0-4848-936a-35492ec86187" name="tc@CISERVER 2021-02-27 11:41:39" runUser="CISERVER\tc" xmlns="http://microsoft.com/schemas/VisualStudio/TeamTest/2010">
  <Times creation="2021-02-27T11:41:39.4198638+00:00" queuing="2021-02-27T11:41:39.4198646+00:00" start="2021-02-27T11:41:36.6426750+00:00" finish="2021-02-27T11:41:39.4250949+00:00" />
  <TestSettings name="default" id="718794d6-6e7b-483a-a823-aa7210e44296">
    <Deployment runDeploymentRoot="tc_CISERVER_2021-02-27_11_41_39" />
  </TestSettings>
  <Results>
    <UnitTestResult executionId="fd2283e0-9a79-473a-83ba-289ff57a3bfc" testId="4370c047-1721-ba32-5434-463839c49daa" testName="Test_DoesSomething_AndAlsoPasses" computerName="CISERVER" duration="00:00:00.0729610" startTime="2021-02-27T11:41:39.0000000+00:00" endTime="2021-02-27T11:41:39.0000000+00:00" testType="13cdc9d9-ddb5-4fa4-a97d-d965ccfc6d4b" outcome="Passed" testListId="8c84fa94-04c1-424b-9868-57a2d4851a1d" relativeResultsDirectory="fd2283e0-9a79-473a-83ba-289ff57a3bfc" />
    <UnitTestResult executionId="754e87d7-5b63-439b-b7c3-9004ea85ba7c" testId="3567d487-5482-3b30-8825-053fc1bb84e7" testName="Test_DoesSomething_AndPasses" computerName="CISERVER" duration="00:00:00.0006269" startTime="2021-02-27T11:41:39.0000000+00:00" endTime="2021-02-27T11:41:39.0000000+00:00" testType="13cdc9d9-ddb5-4fa4-a97d-d965ccfc6d4b" outcome="Passed" testListId="8c84fa94-04c1-424b-9868-57a2d4851a1d" relativeResultsDirectory="754e87d7-5b63-439b-b7c3-9004ea85ba7c" />
  </Results>
  <TestDefinitions>
    <UnitTest name="Test_DoesSomething_AndPasses" storage="SomeDir\tyrannosaurus-trx\example-tests\trxtests.nunit.allpass.tests\bin\debug\netcoreapp3.1\trxtests.nunit.allpass.tests.dll" id="3567d487-5482-3b30-8825-053fc1bb84e7">
      <Execution id="754e87d7-5b63-439b-b7c3-9004ea85ba7c" />
      <TestMethod codeBase="SomeDir\tyrannosaurus-trx\example-tests\TrxTests.NUnit.AllPass.Tests\bin\Debug\netcoreapp3.1\TrxTests.NUnit.AllPass.Tests.dll" adapterTypeName="executor://nunit3testexecutor/" className="TrxTests.NUnit.AllPass.Tests.Tests" name="Test_DoesSomething_AndPasses" />
    </UnitTest>
    <UnitTest name="Test_DoesSomething_AndAlsoPasses" storage="SomeDir\tyrannosaurus-trx\example-tests\trxtests.nunit.allpass.tests\bin\debug\netcoreapp3.1\trxtests.nunit.allpass.tests.dll" id="4370c047-1721-ba32-5434-463839c49daa">
      <Execution id="fd2283e0-9a79-473a-83ba-289ff57a3bfc" />
      <TestMethod codeBase="SomeDir\tyrannosaurus-trx\example-tests\TrxTests.NUnit.AllPass.Tests\bin\Debug\netcoreapp3.1\TrxTests.NUnit.AllPass.Tests.dll" adapterTypeName="executor://nunit3testexecutor/" className="TrxTests.NUnit.AllPass.Tests.Tests" name="Test_DoesSomething_AndAlsoPasses" />
    </UnitTest>
  </TestDefinitions>
  <TestEntries>
    <TestEntry testId="4370c047-1721-ba32-5434-463839c49daa" executionId="fd2283e0-9a79-473a-83ba-289ff57a3bfc" testListId="8c84fa94-04c1-424b-9868-57a2d4851a1d" />
    <TestEntry testId="3567d487-5482-3b30-8825-053fc1bb84e7" executionId="754e87d7-5b63-439b-b7c3-9004ea85ba7c" testListId="8c84fa94-04c1-424b-9868-57a2d4851a1d" />
  </TestEntries>
  <TestLists>
    <TestList name="Results Not in a List" id="8c84fa94-04c1-424b-9868-57a2d4851a1d" />
    <TestList name="All Loaded Results" id="19431567-8539-422a-85d7-44ee4e166bda" />
  </TestLists>
  <ResultSummary outcome="Completed">
    <Counters total="2" executed="2" passed="2" failed="0" error="0" timeout="0" aborted="0" inconclusive="0" passedButRunAborted="0" notRunnable="0" notExecuted="0" disconnected="0" warning="0" completed="0" inProgress="0" pending="0" />
    <Output>
      <StdOut>NUnit Adapter 3.16.1.0: Test execution started&#xD;
Running all tests in SomeDir\tyrannosaurus-trx\example-tests\TrxTests.NUnit.AllPass.Tests\bin\Debug\netcoreapp3.1\TrxTests.NUnit.AllPass.Tests.dll&#xD;
   NUnit3TestExecutor converted 2 of 2 NUnit test cases&#xD;
NUnit Adapter 3.16.1.0: Test execution complete&#xD;
</StdOut>
    </Output>
  </ResultSummary>
</TestRun>